Flutter crash report.
Please report a bug at https://github.com/flutter/flutter/issues.

## command

flutter build apk --release

## exception

FileSystemException: FileSystemException: Cannot open file, path = 'C:\Users\sushi\OneDrive\Desktop\office project\zakira\build\app\outputs\flutter-apk\app-release.apk' (OS Error: Operation did not complete successfully because the file contains a virus or potentially unwanted software.
, errno = 225)

```
#0      _File.throwIfError (dart:io/file_impl.dart:629:7)
#1      _File.openSync (dart:io/file_impl.dart:473:5)
#2      _File.readAsBytesSync (dart:io/file_impl.dart:533:18)
#3      ForwardingFile.readAsBytesSync (package:file/src/forwarding/forwarding_file.dart:91:43)
#4      ForwardingFile.readAsBytesSync (package:file/src/forwarding/forwarding_file.dart:91:43)
#5      _calculateSha (package:flutter_tools/src/android/gradle.dart:761:32)
#6      AndroidGradleBuilder.buildGradleApp (package:flutter_tools/src/android/gradle.dart:488:36)
<asynchronous suspension>
#7      AndroidGradleBuilder.buildApk (package:flutter_tools/src/android/gradle.dart:184:5)
<asynchronous suspension>
#8      BuildApkCommand.runCommand (package:flutter_tools/src/commands/build_apk.dart:111:5)
<asynchronous suspension>
#9      FlutterCommand.run.<anonymous closure> (package:flutter_tools/src/runner/flutter_command.dart:1257:27)
<asynchronous suspension>
#10     AppContext.run.<anonymous closure> (package:flutter_tools/src/base/context.dart:150:19)
<asynchronous suspension>
#11     CommandRunner.runCommand (package:args/command_runner.dart:209:13)
<asynchronous suspension>
#12     FlutterCommandRunner.runCommand.<anonymous closure> (package:flutter_tools/src/runner/flutter_command_runner.dart:283:9)
<asynchronous suspension>
#13     AppContext.run.<anonymous closure> (package:flutter_tools/src/base/context.dart:150:19)
<asynchronous suspension>
#14     FlutterCommandRunner.runCommand (package:flutter_tools/src/runner/flutter_command_runner.dart:229:5)
<asynchronous suspension>
#15     run.<anonymous closure>.<anonymous closure> (package:flutter_tools/runner.dart:64:9)
<asynchronous suspension>
#16     AppContext.run.<anonymous closure> (package:flutter_tools/src/base/context.dart:150:19)
<asynchronous suspension>
#17     main (package:flutter_tools/executable.dart:91:3)
<asynchronous suspension>
```

## flutter doctor

```
[32m[✓][39m Flutter (Channel stable, 3.7.1, on Microsoft Windows [Version 10.0.19045.2486], locale en-IN)
    [32m•[39m Flutter version 3.7.1 on channel stable at C:\Android\flutter
    [32m•[39m Upstream repository https://github.com/flutter/flutter.git
    [32m•[39m Framework revision 7048ed95a5 (8 days ago), 2023-02-01 09:07:31 -0800
    [32m•[39m Engine revision 800594f1f4
    [32m•[39m Dart version 2.19.1
    [32m•[39m DevTools version 2.20.1

[32m[✓][39m Windows Version (Installed version of Windows is version 10 or higher)

[32m[✓][39m Android toolchain - develop for Android devices (Android SDK version 33.0.1)
    [32m•[39m Android SDK at C:\Users\sushi\AppData\Local\Android\sdk
    [32m•[39m Platform android-33, build-tools 33.0.1
    [32m•[39m Java binary at: C:\Program Files\Android\Android Studio\jre\bin\java
    [32m•[39m Java version OpenJDK Runtime Environment (build 11.0.13+0-b1751.21-8125866)
    [32m•[39m All Android licenses accepted.

[32m[✓][39m Chrome - develop for the web
    [32m•[39m Chrome at C:\Program Files\Google\Chrome\Application\chrome.exe

[32m[✓][39m Visual Studio - develop for Windows (Visual Studio Community 2022 17.4.1)
    [32m•[39m Visual Studio at C:\Program Files\Microsoft Visual Studio\2022\Community
    [32m•[39m Visual Studio Community 2022 version 17.4.33110.190
    [32m•[39m Windows 10 SDK version 10.0.22000.0

[32m[✓][39m Android Studio (version 2021.3)
    [32m•[39m Android Studio at C:\Program Files\Android\Android Studio
    [32m•[39m Flutter plugin can be installed from:
      🔨 https://plugins.jetbrains.com/plugin/9212-flutter
    [32m•[39m Dart plugin can be installed from:
      🔨 https://plugins.jetbrains.com/plugin/6351-dart
    [32m•[39m Java version OpenJDK Runtime Environment (build 11.0.13+0-b1751.21-8125866)

[32m[✓][39m VS Code (version 1.75.0)
    [32m•[39m VS Code at C:\Users\sushi\AppData\Local\Programs\Microsoft VS Code
    [32m•[39m Flutter extension version 3.58.0

[32m[✓][39m Connected device (3 available)
    [32m•[39m Windows (desktop) • windows • windows-x64    • Microsoft Windows [Version 10.0.19045.2486]
    [32m•[39m Chrome (web)      • chrome  • web-javascript • Google Chrome 109.0.5414.120
    [32m•[39m Edge (web)        • edge    • web-javascript • Microsoft Edge 109.0.1518.78

[32m[✓][39m HTTP Host Availability
    [32m•[39m All required HTTP hosts are available

[32m•[39m No issues found!
```
